[0.616s] Invoking command in '/home/bitsauto/carla_experiments/lane_following_carla/carla_image_viewer': PYTHONPATH=/home/bitsauto/carla_experiments/lane_following_carla/carla_image_viewer/build/carla_image_viewer/prefix_override:/usr/lib/python3/dist-packages/colcon_core/task/python/colcon_distutils_commands:/home/bitsauto/carla_experiments/lane_following_carla/carla_image_viewer/install/carla_image_viewer/lib/python3.10/site-packages:${PYTHONPATH} /usr/bin/python3 -W ignore:setup.py install is deprecated -W ignore:easy_install command is deprecated setup.py egg_info --egg-base build/carla_image_viewer build --build-base /home/bitsauto/carla_experiments/lane_following_carla/carla_image_viewer/build/carla_image_viewer/build install --record /home/bitsauto/carla_experiments/lane_following_carla/carla_image_viewer/build/carla_image_viewer/install.log --single-version-externally-managed install_data
[0.844s] running egg_info
[0.853s] writing build/carla_image_viewer/carla_image_viewer.egg-info/PKG-INFO
[0.853s] writing dependency_links to build/carla_image_viewer/carla_image_viewer.egg-info/dependency_links.txt
[0.853s] writing entry points to build/carla_image_viewer/carla_image_viewer.egg-info/entry_points.txt
[0.853s] writing requirements to build/carla_image_viewer/carla_image_viewer.egg-info/requires.txt
[0.853s] writing top-level names to build/carla_image_viewer/carla_image_viewer.egg-info/top_level.txt
[0.877s] reading manifest file 'build/carla_image_viewer/carla_image_viewer.egg-info/SOURCES.txt'
[0.877s] writing manifest file 'build/carla_image_viewer/carla_image_viewer.egg-info/SOURCES.txt'
[0.877s] running build
[0.877s] running build_py
[0.877s] running install
[0.881s] running install_lib
[0.888s] running install_data
[0.888s] running install_egg_info
[0.896s] removing '/home/bitsauto/carla_experiments/lane_following_carla/carla_image_viewer/install/carla_image_viewer/lib/python3.10/site-packages/carla_image_viewer-0.0.0-py3.10.egg-info' (and everything under it)
[0.896s] Copying build/carla_image_viewer/carla_image_viewer.egg-info to /home/bitsauto/carla_experiments/lane_following_carla/carla_image_viewer/install/carla_image_viewer/lib/python3.10/site-packages/carla_image_viewer-0.0.0-py3.10.egg-info
[0.897s] running install_scripts
[0.932s] Installing carla_image_viewer script to /home/bitsauto/carla_experiments/lane_following_carla/carla_image_viewer/install/carla_image_viewer/lib/carla_image_viewer
[0.932s] writing list of installed files to '/home/bitsauto/carla_experiments/lane_following_carla/carla_image_viewer/build/carla_image_viewer/install.log'
[0.957s] Invoked command in '/home/bitsauto/carla_experiments/lane_following_carla/carla_image_viewer' returned '0': PYTHONPATH=/home/bitsauto/carla_experiments/lane_following_carla/carla_image_viewer/build/carla_image_viewer/prefix_override:/usr/lib/python3/dist-packages/colcon_core/task/python/colcon_distutils_commands:/home/bitsauto/carla_experiments/lane_following_carla/carla_image_viewer/install/carla_image_viewer/lib/python3.10/site-packages:${PYTHONPATH} /usr/bin/python3 -W ignore:setup.py install is deprecated -W ignore:easy_install command is deprecated setup.py egg_info --egg-base build/carla_image_viewer build --build-base /home/bitsauto/carla_experiments/lane_following_carla/carla_image_viewer/build/carla_image_viewer/build install --record /home/bitsauto/carla_experiments/lane_following_carla/carla_image_viewer/build/carla_image_viewer/install.log --single-version-externally-managed install_data
