running egg_info
creating build/carla_image_viewer/carla_image_viewer.egg-info
writing build/carla_image_viewer/carla_image_viewer.egg-info/PKG-INFO
writing dependency_links to build/carla_image_viewer/carla_image_viewer.egg-info/dependency_links.txt
writing entry points to build/carla_image_viewer/carla_image_viewer.egg-info/entry_points.txt
writing requirements to build/carla_image_viewer/carla_image_viewer.egg-info/requires.txt
writing top-level names to build/carla_image_viewer/carla_image_viewer.egg-info/top_level.txt
writing manifest file 'build/carla_image_viewer/carla_image_viewer.egg-info/SOURCES.txt'
reading manifest file 'build/carla_image_viewer/carla_image_viewer.egg-info/SOURCES.txt'
writing manifest file 'build/carla_image_viewer/carla_image_viewer.egg-info/SOURCES.txt'
running build
running build_py
creating /home/bitsauto/carla_experiments/lane_following_carla/carla_image_viewer/build/carla_image_viewer/build
creating /home/bitsauto/carla_experiments/lane_following_carla/carla_image_viewer/build/carla_image_viewer/build/lib
creating /home/bitsauto/carla_experiments/lane_following_carla/carla_image_viewer/build/carla_image_viewer/build/lib/carla_image_viewer
copying carla_image_viewer/__init__.py -> /home/bitsauto/carla_experiments/lane_following_carla/carla_image_viewer/build/carla_image_viewer/build/lib/carla_image_viewer
copying carla_image_viewer/carla_image_viewer.py -> /home/bitsauto/carla_experiments/lane_following_carla/carla_image_viewer/build/carla_image_viewer/build/lib/carla_image_viewer
running install
running install_lib
creating /home/bitsauto/carla_experiments/lane_following_carla/carla_image_viewer/install/carla_image_viewer/lib/python3.10/site-packages/carla_image_viewer
copying /home/bitsauto/carla_experiments/lane_following_carla/carla_image_viewer/build/carla_image_viewer/build/lib/carla_image_viewer/__init__.py -> /home/bitsauto/carla_experiments/lane_following_carla/carla_image_viewer/install/carla_image_viewer/lib/python3.10/site-packages/carla_image_viewer
copying /home/bitsauto/carla_experiments/lane_following_carla/carla_image_viewer/build/carla_image_viewer/build/lib/carla_image_viewer/carla_image_viewer.py -> /home/bitsauto/carla_experiments/lane_following_carla/carla_image_viewer/install/carla_image_viewer/lib/python3.10/site-packages/carla_image_viewer
byte-compiling /home/bitsauto/carla_experiments/lane_following_carla/carla_image_viewer/install/carla_image_viewer/lib/python3.10/site-packages/carla_image_viewer/__init__.py to __init__.cpython-310.pyc
byte-compiling /home/bitsauto/carla_experiments/lane_following_carla/carla_image_viewer/install/carla_image_viewer/lib/python3.10/site-packages/carla_image_viewer/carla_image_viewer.py to carla_image_viewer.cpython-310.pyc
running install_data
creating /home/bitsauto/carla_experiments/lane_following_carla/carla_image_viewer/install/carla_image_viewer/share/ament_index
creating /home/bitsauto/carla_experiments/lane_following_carla/carla_image_viewer/install/carla_image_viewer/share/ament_index/resource_index
creating /home/bitsauto/carla_experiments/lane_following_carla/carla_image_viewer/install/carla_image_viewer/share/ament_index/resource_index/packages
copying resource/carla_image_viewer -> /home/bitsauto/carla_experiments/lane_following_carla/carla_image_viewer/install/carla_image_viewer/share/ament_index/resource_index/packages
copying package.xml -> /home/bitsauto/carla_experiments/lane_following_carla/carla_image_viewer/install/carla_image_viewer/share/carla_image_viewer
running install_egg_info
Copying build/carla_image_viewer/carla_image_viewer.egg-info to /home/bitsauto/carla_experiments/lane_following_carla/carla_image_viewer/install/carla_image_viewer/lib/python3.10/site-packages/carla_image_viewer-0.0.0-py3.10.egg-info
running install_scripts
Installing carla_image_viewer script to /home/bitsauto/carla_experiments/lane_following_carla/carla_image_viewer/install/carla_image_viewer/lib/carla_image_viewer
writing list of installed files to '/home/bitsauto/carla_experiments/lane_following_carla/carla_image_viewer/build/carla_image_viewer/install.log'
