[0.635s] Invoking command in '/home/bitsauto/carla_experiments/lane_following_carla/carla_image_viewer': CONDA_PROMPT_MODIFIER=(pjz_env) PYTHONPATH=/home/bitsauto/carla_experiments/lane_following_carla/carla_image_viewer/build/carla_image_viewer/prefix_override:/usr/lib/python3/dist-packages/colcon_core/task/python/colcon_distutils_commands:/home/bitsauto/carla_experiments/lane_following_carla/carla_image_viewer/install/carla_image_viewer/lib/python3.10/site-packages:${PYTHONPATH} /usr/bin/python3 -W ignore:setup.py install is deprecated -W ignore:easy_install command is deprecated setup.py egg_info --egg-base build/carla_image_viewer build --build-base /home/bitsauto/carla_experiments/lane_following_carla/carla_image_viewer/build/carla_image_viewer/build install --record /home/bitsauto/carla_experiments/lane_following_carla/carla_image_viewer/build/carla_image_viewer/install.log --single-version-externally-managed install_data
[0.866s] running egg_info
[0.867s] creating build/carla_image_viewer/carla_image_viewer.egg-info
[0.873s] writing build/carla_image_viewer/carla_image_viewer.egg-info/PKG-INFO
[0.874s] writing dependency_links to build/carla_image_viewer/carla_image_viewer.egg-info/dependency_links.txt
[0.874s] writing entry points to build/carla_image_viewer/carla_image_viewer.egg-info/entry_points.txt
[0.874s] writing requirements to build/carla_image_viewer/carla_image_viewer.egg-info/requires.txt
[0.874s] writing top-level names to build/carla_image_viewer/carla_image_viewer.egg-info/top_level.txt
[0.874s] writing manifest file 'build/carla_image_viewer/carla_image_viewer.egg-info/SOURCES.txt'
[0.897s] reading manifest file 'build/carla_image_viewer/carla_image_viewer.egg-info/SOURCES.txt'
[0.898s] writing manifest file 'build/carla_image_viewer/carla_image_viewer.egg-info/SOURCES.txt'
[0.898s] running build
[0.898s] running build_py
[0.898s] creating /home/bitsauto/carla_experiments/lane_following_carla/carla_image_viewer/build/carla_image_viewer/build
[0.898s] creating /home/bitsauto/carla_experiments/lane_following_carla/carla_image_viewer/build/carla_image_viewer/build/lib
[0.898s] creating /home/bitsauto/carla_experiments/lane_following_carla/carla_image_viewer/build/carla_image_viewer/build/lib/carla_image_viewer
[0.898s] copying carla_image_viewer/__init__.py -> /home/bitsauto/carla_experiments/lane_following_carla/carla_image_viewer/build/carla_image_viewer/build/lib/carla_image_viewer
[0.898s] copying carla_image_viewer/carla_image_viewer.py -> /home/bitsauto/carla_experiments/lane_following_carla/carla_image_viewer/build/carla_image_viewer/build/lib/carla_image_viewer
[0.898s] running install
[0.901s] running install_lib
[0.909s] creating /home/bitsauto/carla_experiments/lane_following_carla/carla_image_viewer/install/carla_image_viewer/lib/python3.10/site-packages/carla_image_viewer
[0.909s] copying /home/bitsauto/carla_experiments/lane_following_carla/carla_image_viewer/build/carla_image_viewer/build/lib/carla_image_viewer/__init__.py -> /home/bitsauto/carla_experiments/lane_following_carla/carla_image_viewer/install/carla_image_viewer/lib/python3.10/site-packages/carla_image_viewer
[0.909s] copying /home/bitsauto/carla_experiments/lane_following_carla/carla_image_viewer/build/carla_image_viewer/build/lib/carla_image_viewer/carla_image_viewer.py -> /home/bitsauto/carla_experiments/lane_following_carla/carla_image_viewer/install/carla_image_viewer/lib/python3.10/site-packages/carla_image_viewer
[0.909s] byte-compiling /home/bitsauto/carla_experiments/lane_following_carla/carla_image_viewer/install/carla_image_viewer/lib/python3.10/site-packages/carla_image_viewer/__init__.py to __init__.cpython-310.pyc
[0.910s] byte-compiling /home/bitsauto/carla_experiments/lane_following_carla/carla_image_viewer/install/carla_image_viewer/lib/python3.10/site-packages/carla_image_viewer/carla_image_viewer.py to carla_image_viewer.cpython-310.pyc
[0.910s] running install_data
[0.910s] creating /home/bitsauto/carla_experiments/lane_following_carla/carla_image_viewer/install/carla_image_viewer/share/ament_index
[0.910s] creating /home/bitsauto/carla_experiments/lane_following_carla/carla_image_viewer/install/carla_image_viewer/share/ament_index/resource_index
[0.910s] creating /home/bitsauto/carla_experiments/lane_following_carla/carla_image_viewer/install/carla_image_viewer/share/ament_index/resource_index/packages
[0.910s] copying resource/carla_image_viewer -> /home/bitsauto/carla_experiments/lane_following_carla/carla_image_viewer/install/carla_image_viewer/share/ament_index/resource_index/packages
[0.910s] copying package.xml -> /home/bitsauto/carla_experiments/lane_following_carla/carla_image_viewer/install/carla_image_viewer/share/carla_image_viewer
[0.910s] running install_egg_info
[0.918s] Copying build/carla_image_viewer/carla_image_viewer.egg-info to /home/bitsauto/carla_experiments/lane_following_carla/carla_image_viewer/install/carla_image_viewer/lib/python3.10/site-packages/carla_image_viewer-0.0.0-py3.10.egg-info
[0.919s] running install_scripts
[0.953s] Installing carla_image_viewer script to /home/bitsauto/carla_experiments/lane_following_carla/carla_image_viewer/install/carla_image_viewer/lib/carla_image_viewer
[0.953s] writing list of installed files to '/home/bitsauto/carla_experiments/lane_following_carla/carla_image_viewer/build/carla_image_viewer/install.log'
[0.976s] Invoked command in '/home/bitsauto/carla_experiments/lane_following_carla/carla_image_viewer' returned '0': CONDA_PROMPT_MODIFIER=(pjz_env) PYTHONPATH=/home/bitsauto/carla_experiments/lane_following_carla/carla_image_viewer/build/carla_image_viewer/prefix_override:/usr/lib/python3/dist-packages/colcon_core/task/python/colcon_distutils_commands:/home/bitsauto/carla_experiments/lane_following_carla/carla_image_viewer/install/carla_image_viewer/lib/python3.10/site-packages:${PYTHONPATH} /usr/bin/python3 -W ignore:setup.py install is deprecated -W ignore:easy_install command is deprecated setup.py egg_info --egg-base build/carla_image_viewer build --build-base /home/bitsauto/carla_experiments/lane_following_carla/carla_image_viewer/build/carla_image_viewer/build install --record /home/bitsauto/carla_experiments/lane_following_carla/carla_image_viewer/build/carla_image_viewer/install.log --single-version-externally-managed install_data
