[0.069s] DEBUG:colcon:Command line arguments: ['/usr/bin/colcon', 'build', '--packages-select', 'carla_image_viewer']
[0.069s] DEBUG:colcon:Parsed command line arguments: Namespace(log_base=None, log_level=None, verb_name='build', build_base='build', install_base='install', merge_install=False, symlink_install=False, test_result_base=None, continue_on_error=False, executor='parallel', parallel_workers=16, event_handlers=None, ignore_user_meta=False, metas=['./colcon.meta'], base_paths=['.'], packages_ignore=None, packages_ignore_regex=None, paths=None, packages_up_to=None, packages_up_to_regex=None, packages_above=None, packages_above_and_dependencies=None, packages_above_depth=None, packages_select_by_dep=None, packages_skip_by_dep=None, packages_skip_up_to=None, packages_select_build_failed=False, packages_skip_build_finished=False, packages_select_test_failures=False, packages_skip_test_passed=False, packages_select=['carla_image_viewer'], packages_skip=None, packages_select_regex=None, packages_skip_regex=None, packages_start=None, packages_end=None, allow_overriding=[], cmake_args=None, cmake_target=None, cmake_target_skip_unavailable=False, cmake_clean_cache=False, cmake_clean_first=False, cmake_force_configure=False, ament_cmake_args=None, catkin_cmake_args=None, catkin_skip_building_tests=False, mixin_files=None, mixin=None, verb_parser=<colcon_mixin.mixin.mixin_argument.MixinArgumentDecorator object at 0x784d4807ae90>, verb_extension=<colcon_core.verb.build.BuildVerb object at 0x784d4807a980>, main=<bound method BuildVerb.main of <colcon_core.verb.build.BuildVerb object at 0x784d4807a980>>, mixin_verb=('build',))
[0.211s] Level 1:colcon.colcon_core.package_discovery:discover_packages(colcon_meta) check parameters
[0.211s] Level 1:colcon.colcon_core.package_discovery:discover_packages(recursive) check parameters
[0.211s] Level 1:colcon.colcon_core.package_discovery:discover_packages(ignore) check parameters
[0.211s] Level 1:colcon.colcon_core.package_discovery:discover_packages(path) check parameters
[0.211s] Level 1:colcon.colcon_core.package_discovery:discover_packages(colcon_meta) discover
[0.211s] Level 1:colcon.colcon_core.package_discovery:discover_packages(recursive) discover
[0.211s] INFO:colcon.colcon_core.package_discovery:Crawling recursively for packages in '/home/bitsauto/carla_experiments/lane_following_carla/carla_image_viewer'
[0.211s] Level 1:colcon.colcon_core.package_identification:_identify(.) by extensions ['ignore', 'ignore_ament_install']
[0.211s] Level 1:colcon.colcon_core.package_identification:_identify(.) by extension 'ignore'
[0.211s] Level 1:colcon.colcon_core.package_identification:_identify(.) by extension 'ignore_ament_install'
[0.211s] Level 1:colcon.colcon_core.package_identification:_identify(.) by extensions ['colcon_pkg']
[0.211s] Level 1:colcon.colcon_core.package_identification:_identify(.) by extension 'colcon_pkg'
[0.211s] Level 1:colcon.colcon_core.package_identification:_identify(.) by extensions ['colcon_meta']
[0.211s] Level 1:colcon.colcon_core.package_identification:_identify(.) by extension 'colcon_meta'
[0.211s] Level 1:colcon.colcon_core.package_identification:_identify(.) by extensions ['ros']
[0.211s] Level 1:colcon.colcon_core.package_identification:_identify(.) by extension 'ros'
[0.219s] DEBUG:colcon.colcon_core.package_identification:Package '.' with type 'ros.ament_python' and name 'carla_image_viewer'
[0.219s] Level 1:colcon.colcon_core.package_discovery:discover_packages(recursive) using defaults
[0.219s] Level 1:colcon.colcon_core.package_discovery:discover_packages(ignore) discover
[0.219s] Level 1:colcon.colcon_core.package_discovery:discover_packages(ignore) using defaults
[0.219s] Level 1:colcon.colcon_core.package_discovery:discover_packages(path) discover
[0.219s] Level 1:colcon.colcon_core.package_discovery:discover_packages(path) using defaults
[0.230s] Level 1:colcon.colcon_core.package_discovery:discover_packages(prefix_path) check parameters
[0.230s] Level 1:colcon.colcon_core.package_discovery:discover_packages(prefix_path) discover
[0.232s] DEBUG:colcon.colcon_installed_package_information.package_discovery:Found 1 installed packages in /home/bitsauto/carla_experiments/lane_following_carla/carla_image_viewer/install
[0.232s] DEBUG:colcon.colcon_installed_package_information.package_discovery:Found 19 installed packages in /home/bitsauto/Workspace/ros-bridge/install
[0.233s] DEBUG:colcon.colcon_installed_package_information.package_discovery:Found 311 installed packages in /opt/ros/humble
[0.234s] Level 1:colcon.colcon_core.package_discovery:discover_packages(prefix_path) using defaults
[0.256s] Level 5:colcon.colcon_core.verb:set package 'carla_image_viewer' build argument 'cmake_args' from command line to 'None'
[0.256s] Level 5:colcon.colcon_core.verb:set package 'carla_image_viewer' build argument 'cmake_target' from command line to 'None'
[0.256s] Level 5:colcon.colcon_core.verb:set package 'carla_image_viewer' build argument 'cmake_target_skip_unavailable' from command line to 'False'
[0.256s] Level 5:colcon.colcon_core.verb:set package 'carla_image_viewer' build argument 'cmake_clean_cache' from command line to 'False'
[0.256s] Level 5:colcon.colcon_core.verb:set package 'carla_image_viewer' build argument 'cmake_clean_first' from command line to 'False'
[0.256s] Level 5:colcon.colcon_core.verb:set package 'carla_image_viewer' build argument 'cmake_force_configure' from command line to 'False'
[0.256s] Level 5:colcon.colcon_core.verb:set package 'carla_image_viewer' build argument 'ament_cmake_args' from command line to 'None'
[0.256s] Level 5:colcon.colcon_core.verb:set package 'carla_image_viewer' build argument 'catkin_cmake_args' from command line to 'None'
[0.256s] Level 5:colcon.colcon_core.verb:set package 'carla_image_viewer' build argument 'catkin_skip_building_tests' from command line to 'False'
[0.256s] DEBUG:colcon.colcon_core.verb:Building package 'carla_image_viewer' with the following arguments: {'ament_cmake_args': None, 'build_base': '/home/bitsauto/carla_experiments/lane_following_carla/carla_image_viewer/build/carla_image_viewer', 'catkin_cmake_args': None, 'catkin_skip_building_tests': False, 'cmake_args': None, 'cmake_clean_cache': False, 'cmake_clean_first': False, 'cmake_force_configure': False, 'cmake_target': None, 'cmake_target_skip_unavailable': False, 'install_base': '/home/bitsauto/carla_experiments/lane_following_carla/carla_image_viewer/install/carla_image_viewer', 'merge_install': False, 'path': '/home/bitsauto/carla_experiments/lane_following_carla/carla_image_viewer', 'symlink_install': False, 'test_result_base': None}
[0.256s] INFO:colcon.colcon_core.executor:Executing jobs using 'parallel' executor
[0.257s] DEBUG:colcon.colcon_parallel_executor.executor.parallel:run_until_complete
[0.257s] INFO:colcon.colcon_ros.task.ament_python.build:Building ROS package in '/home/bitsauto/carla_experiments/lane_following_carla/carla_image_viewer' with build type 'ament_python'
[0.257s] Level 1:colcon.colcon_core.shell:create_environment_hook('carla_image_viewer', 'ament_prefix_path')
[0.259s] INFO:colcon.colcon_core.plugin_system:Skipping extension 'colcon_core.shell.bat': Not used on non-Windows systems
[0.259s] INFO:colcon.colcon_core.shell:Creating environment hook '/home/bitsauto/carla_experiments/lane_following_carla/carla_image_viewer/install/carla_image_viewer/share/carla_image_viewer/hook/ament_prefix_path.ps1'
[0.260s] INFO:colcon.colcon_core.shell:Creating environment descriptor '/home/bitsauto/carla_experiments/lane_following_carla/carla_image_viewer/install/carla_image_viewer/share/carla_image_viewer/hook/ament_prefix_path.dsv'
[0.260s] INFO:colcon.colcon_core.shell:Creating environment hook '/home/bitsauto/carla_experiments/lane_following_carla/carla_image_viewer/install/carla_image_viewer/share/carla_image_viewer/hook/ament_prefix_path.sh'
[0.261s] INFO:colcon.colcon_core.shell:Skip shell extension 'powershell' for command environment: Not usable outside of PowerShell
[0.261s] DEBUG:colcon.colcon_core.shell:Skip shell extension 'dsv' for command environment
[0.487s] INFO:colcon.colcon_core.task.python.build:Building Python package in '/home/bitsauto/carla_experiments/lane_following_carla/carla_image_viewer'
[0.487s] INFO:colcon.colcon_core.shell:Skip shell extension 'powershell' for command environment: Not usable outside of PowerShell
[0.487s] DEBUG:colcon.colcon_core.shell:Skip shell extension 'dsv' for command environment
[0.874s] DEBUG:colcon.colcon_core.event_handler.log_command:Invoking command in '/home/bitsauto/carla_experiments/lane_following_carla/carla_image_viewer': PYTHONPATH=/home/bitsauto/carla_experiments/lane_following_carla/carla_image_viewer/build/carla_image_viewer/prefix_override:/usr/lib/python3/dist-packages/colcon_core/task/python/colcon_distutils_commands:/home/bitsauto/carla_experiments/lane_following_carla/carla_image_viewer/install/carla_image_viewer/lib/python3.10/site-packages:${PYTHONPATH} /usr/bin/python3 -W ignore:setup.py install is deprecated -W ignore:easy_install command is deprecated setup.py egg_info --egg-base build/carla_image_viewer build --build-base /home/bitsauto/carla_experiments/lane_following_carla/carla_image_viewer/build/carla_image_viewer/build install --record /home/bitsauto/carla_experiments/lane_following_carla/carla_image_viewer/build/carla_image_viewer/install.log --single-version-externally-managed install_data
[1.215s] DEBUG:colcon.colcon_core.event_handler.log_command:Invoked command in '/home/bitsauto/carla_experiments/lane_following_carla/carla_image_viewer' returned '0': PYTHONPATH=/home/bitsauto/carla_experiments/lane_following_carla/carla_image_viewer/build/carla_image_viewer/prefix_override:/usr/lib/python3/dist-packages/colcon_core/task/python/colcon_distutils_commands:/home/bitsauto/carla_experiments/lane_following_carla/carla_image_viewer/install/carla_image_viewer/lib/python3.10/site-packages:${PYTHONPATH} /usr/bin/python3 -W ignore:setup.py install is deprecated -W ignore:easy_install command is deprecated setup.py egg_info --egg-base build/carla_image_viewer build --build-base /home/bitsauto/carla_experiments/lane_following_carla/carla_image_viewer/build/carla_image_viewer/build install --record /home/bitsauto/carla_experiments/lane_following_carla/carla_image_viewer/build/carla_image_viewer/install.log --single-version-externally-managed install_data
[1.217s] Level 1:colcon.colcon_core.environment:checking '/home/bitsauto/carla_experiments/lane_following_carla/carla_image_viewer/install/carla_image_viewer' for CMake module files
[1.217s] Level 1:colcon.colcon_core.environment:checking '/home/bitsauto/carla_experiments/lane_following_carla/carla_image_viewer/install/carla_image_viewer' for CMake config files
[1.218s] Level 1:colcon.colcon_core.environment:checking '/home/bitsauto/carla_experiments/lane_following_carla/carla_image_viewer/install/carla_image_viewer/lib'
[1.218s] Level 1:colcon.colcon_core.environment:checking '/home/bitsauto/carla_experiments/lane_following_carla/carla_image_viewer/install/carla_image_viewer/bin'
[1.218s] Level 1:colcon.colcon_core.environment:checking '/home/bitsauto/carla_experiments/lane_following_carla/carla_image_viewer/install/carla_image_viewer/lib/pkgconfig/carla_image_viewer.pc'
[1.218s] Level 1:colcon.colcon_core.environment:checking '/home/bitsauto/carla_experiments/lane_following_carla/carla_image_viewer/install/carla_image_viewer/lib/python3.10/site-packages'
[1.218s] Level 1:colcon.colcon_core.shell:create_environment_hook('carla_image_viewer', 'pythonpath')
[1.218s] INFO:colcon.colcon_core.shell:Creating environment hook '/home/bitsauto/carla_experiments/lane_following_carla/carla_image_viewer/install/carla_image_viewer/share/carla_image_viewer/hook/pythonpath.ps1'
[1.219s] INFO:colcon.colcon_core.shell:Creating environment descriptor '/home/bitsauto/carla_experiments/lane_following_carla/carla_image_viewer/install/carla_image_viewer/share/carla_image_viewer/hook/pythonpath.dsv'
[1.219s] INFO:colcon.colcon_core.shell:Creating environment hook '/home/bitsauto/carla_experiments/lane_following_carla/carla_image_viewer/install/carla_image_viewer/share/carla_image_viewer/hook/pythonpath.sh'
[1.219s] Level 1:colcon.colcon_core.environment:checking '/home/bitsauto/carla_experiments/lane_following_carla/carla_image_viewer/install/carla_image_viewer/bin'
[1.219s] Level 1:colcon.colcon_core.environment:create_environment_scripts_only(carla_image_viewer)
[1.219s] INFO:colcon.colcon_core.shell:Creating package script '/home/bitsauto/carla_experiments/lane_following_carla/carla_image_viewer/install/carla_image_viewer/share/carla_image_viewer/package.ps1'
[1.220s] INFO:colcon.colcon_core.shell:Creating package descriptor '/home/bitsauto/carla_experiments/lane_following_carla/carla_image_viewer/install/carla_image_viewer/share/carla_image_viewer/package.dsv'
[1.220s] INFO:colcon.colcon_core.shell:Creating package script '/home/bitsauto/carla_experiments/lane_following_carla/carla_image_viewer/install/carla_image_viewer/share/carla_image_viewer/package.sh'
[1.220s] INFO:colcon.colcon_core.shell:Creating package script '/home/bitsauto/carla_experiments/lane_following_carla/carla_image_viewer/install/carla_image_viewer/share/carla_image_viewer/package.bash'
[1.221s] INFO:colcon.colcon_core.shell:Creating package script '/home/bitsauto/carla_experiments/lane_following_carla/carla_image_viewer/install/carla_image_viewer/share/carla_image_viewer/package.zsh'
[1.221s] Level 1:colcon.colcon_core.environment:create_file_with_runtime_dependencies(/home/bitsauto/carla_experiments/lane_following_carla/carla_image_viewer/install/carla_image_viewer/share/colcon-core/packages/carla_image_viewer)
[1.221s] DEBUG:colcon.colcon_parallel_executor.executor.parallel:closing loop
[1.221s] DEBUG:colcon.colcon_parallel_executor.executor.parallel:loop closed
[1.221s] DEBUG:colcon.colcon_parallel_executor.executor.parallel:run_until_complete finished with '0'
[1.221s] DEBUG:colcon.colcon_core.event_reactor:joining thread
[1.225s] INFO:colcon.colcon_core.plugin_system:Skipping extension 'colcon_notification.desktop_notification.terminal_notifier': Not used on non-Darwin systems
[1.225s] INFO:colcon.colcon_core.plugin_system:Skipping extension 'colcon_notification.desktop_notification.win32': Not used on non-Windows systems
[1.225s] INFO:colcon.colcon_notification.desktop_notification:Sending desktop notification using 'notify2'
[1.232s] DEBUG:colcon.colcon_core.event_reactor:joined thread
[1.233s] INFO:colcon.colcon_core.shell:Creating prefix script '/home/bitsauto/carla_experiments/lane_following_carla/carla_image_viewer/install/local_setup.ps1'
[1.234s] INFO:colcon.colcon_core.shell:Creating prefix util module '/home/bitsauto/carla_experiments/lane_following_carla/carla_image_viewer/install/_local_setup_util_ps1.py'
[1.235s] INFO:colcon.colcon_core.shell:Creating prefix chain script '/home/bitsauto/carla_experiments/lane_following_carla/carla_image_viewer/install/setup.ps1'
[1.236s] INFO:colcon.colcon_core.shell:Creating prefix script '/home/bitsauto/carla_experiments/lane_following_carla/carla_image_viewer/install/local_setup.sh'
[1.237s] INFO:colcon.colcon_core.shell:Creating prefix util module '/home/bitsauto/carla_experiments/lane_following_carla/carla_image_viewer/install/_local_setup_util_sh.py'
[1.237s] INFO:colcon.colcon_core.shell:Creating prefix chain script '/home/bitsauto/carla_experiments/lane_following_carla/carla_image_viewer/install/setup.sh'
[1.239s] INFO:colcon.colcon_core.shell:Creating prefix script '/home/bitsauto/carla_experiments/lane_following_carla/carla_image_viewer/install/local_setup.bash'
[1.239s] INFO:colcon.colcon_core.shell:Creating prefix chain script '/home/bitsauto/carla_experiments/lane_following_carla/carla_image_viewer/install/setup.bash'
[1.240s] INFO:colcon.colcon_core.shell:Creating prefix script '/home/bitsauto/carla_experiments/lane_following_carla/carla_image_viewer/install/local_setup.zsh'
[1.240s] INFO:colcon.colcon_core.shell:Creating prefix chain script '/home/bitsauto/carla_experiments/lane_following_carla/carla_image_viewer/install/setup.zsh'
